<?xml version="1.0" encoding="UTF-8"?>
<!-- Generated by org.testng.reporters.JUnitReportReporter -->
<testsuite hostname="sabira-PC" name="com.ra.practice.RemoveDataFromPosts" tests="1" failures="0" timestamp="1 Sep 2020 13:14:49 GMT" time="4.155" errors="0">
  <testcase name="removeData" time="4.155" classname="com.ra.practice.RemoveDataFromPosts"/>
</testsuite> <!-- com.ra.practice.RemoveDataFromPosts -->
