<?xml version="1.0" encoding="UTF-8"?>
<!-- Generated by org.testng.reporters.JUnitReportReporter -->
<testsuite hostname="sabira-PC" name="com.ra.practice.FetchRpPcPdByBook" tests="1" failures="0" timestamp="3 Sep 2020 05:05:33 GMT" time="11.046" errors="0">
  <testcase name="fetchRPPCPD" time="11.046" classname="com.ra.practice.FetchRpPcPdByBook"/>
</testsuite> <!-- com.ra.practice.FetchRpPcPdByBook -->
