<?xml version="1.0" encoding="UTF-8"?>
<!-- Generated by org.testng.reporters.JUnitReportReporter -->
<testsuite hostname="sabira-PC" name="com.ra.practice.FetchEmpDetailsFmRest" tests="1" failures="0" timestamp="9 Sep 2020 06:08:49 GMT" time="5.711" errors="0">
  <testcase name="fetchDetails" time="5.711" classname="com.ra.practice.FetchEmpDetailsFmRest"/>
</testsuite> <!-- com.ra.practice.FetchEmpDetailsFmRest -->
