<?xml version="1.0" encoding="UTF-8"?>
<!-- Generated by org.testng.reporters.JUnitReportReporter -->
<testsuite hostname="sabira-PC" name="com.ra.practice.FetchAllCountry" tests="1" failures="0" timestamp="31 Aug 2020 17:50:47 GMT" time="6.726" errors="0">
  <testcase name="getAllCountry" time="6.726" classname="com.ra.practice.FetchAllCountry"/>
</testsuite> <!-- com.ra.practice.FetchAllCountry -->
