<?xml version="1.0" encoding="UTF-8"?>
<!-- Generated by org.testng.reporters.JUnitReportReporter -->
<testsuite hostname="sabira-PC" name="com.ra.practice.AddComplexData" tests="1" failures="0" timestamp="1 Sep 2020 13:32:31 GMT" time="4.337" errors="0">
  <testcase name="createComplexData" time="4.337" classname="com.ra.practice.AddComplexData"/>
</testsuite> <!-- com.ra.practice.AddComplexData -->
