<?xml version="1.0" encoding="UTF-8"?>
<!-- Generated by org.testng.reporters.JUnitReportReporter -->
<testsuite hostname="sabira-PC" name="com.ra.practice.DemoJsonPath" tests="1" failures="0" timestamp="1 Sep 2020 13:43:16 GMT" time="4.868" errors="0">
  <testcase name="checckJsonPath" time="4.868" classname="com.ra.practice.DemoJsonPath"/>
</testsuite> <!-- com.ra.practice.DemoJsonPath -->
