<?xml version="1.0" encoding="UTF-8"?>
<!-- Generated by org.testng.reporters.JUnitReportReporter -->
<testsuite hostname="sabira-PC" name="com.api.testScripts.FetchEmployeeIDTest" tests="1" failures="0" timestamp="11 Sep 2020 03:15:30 GMT" time="5.662" errors="0">
  <testcase name="checkEmployeeId" time="5.662" classname="com.api.testScripts.FetchEmployeeIDTest"/>
</testsuite> <!-- com.api.testScripts.FetchEmployeeIDTest -->
