<?xml version="1.0" encoding="UTF-8"?>
<!-- Generated by org.testng.reporters.JUnitReportReporter -->
<testsuite hostname="sabira-PC" name="com.ra.practice.UDCompletlyInPosts" tests="1" failures="0" timestamp="27 Aug 2020 06:32:37 GMT" time="2.450" errors="0">
  <testcase name="updateData" time="2.450" classname="com.ra.practice.UDCompletlyInPosts"/>
</testsuite> <!-- com.ra.practice.UDCompletlyInPosts -->
