<?xml version="1.0" encoding="UTF-8"?>
<!-- Generated by org.testng.reporters.JUnitReportReporter -->
<testsuite hostname="sabira-PC" name="com.ra.practice.UDPartiallyInPosts" tests="1" failures="0" timestamp="27 Aug 2020 06:43:50 GMT" time="2.356" errors="0">
  <testcase name="updateData" time="2.356" classname="com.ra.practice.UDPartiallyInPosts"/>
</testsuite> <!-- com.ra.practice.UDPartiallyInPosts -->
