<?xml version="1.0" encoding="UTF-8"?>
<!-- Generated by org.testng.reporters.JUnitReportReporter -->
<testsuite hostname="sabira-PC" name="com.ra.practice.FetchCapCCPopByCurr" tests="1" failures="0" timestamp="3 Sep 2020 05:44:55 GMT" time="11.487" errors="0">
  <testcase name="fetchCapital" time="11.487" classname="com.ra.practice.FetchCapCCPopByCurr"/>
</testsuite> <!-- com.ra.practice.FetchCapCCPopByCurr -->
