<?xml version="1.0" encoding="UTF-8"?>
<!-- Generated by org.testng.reporters.JUnitReportReporter -->
<testsuite hostname="sabira-PC" name="com.ra.practice.FetchDataFromPosts" tests="1" failures="0" timestamp="27 Aug 2020 06:44:39 GMT" time="2.263" errors="0">
  <testcase name="getData" time="2.263" classname="com.ra.practice.FetchDataFromPosts"/>
</testsuite> <!-- com.ra.practice.FetchDataFromPosts -->
