<?xml version="1.0" encoding="UTF-8"?>
<!-- Generated by org.testng.reporters.JUnitReportReporter -->
<testsuite hostname="sabira-PC" name="com.ra.practice.AddDataToPosts" tests="1" failures="0" timestamp="27 Aug 2020 06:15:23 GMT" time="2.567" errors="0">
  <testcase name="addData" time="2.567" classname="com.ra.practice.AddDataToPosts"/>
</testsuite> <!-- com.ra.practice.AddDataToPosts -->
